<?xml version="1.0" encoding="UTF-8"?>
<!-- Generated by org.testng.reporters.JUnitReportReporter -->
<testsuite skipped="0" hostname="Yash-PC" name="seleniumtest.pageTest" tests="1" failures="0" timestamp="25 Mar 2018 13:56:11 GMT" time="0.006" errors="0">
  <testcase name="allpages" time="0.006" classname="seleniumtest.pageTest"/>
</testsuite> <!-- seleniumtest.pageTest -->
