<?xml version="1.0" encoding="UTF-8"?>
<!-- Generated by org.testng.reporters.JUnitReportReporter -->
<testsuite skipped="0" hostname="Yash-PC" name="seleniumtest.linksTest" tests="1" failures="0" timestamp="25 Mar 2018 13:56:11 GMT" time="0.020" errors="0">
  <testcase name="alllinks" time="0.020" classname="seleniumtest.linksTest"/>
</testsuite> <!-- seleniumtest.linksTest -->
