<?xml version="1.0" encoding="UTF-8"?>
<!-- Generated by org.testng.reporters.JUnitReportReporter -->
<testsuite skipped="0" hostname="Yash-PC" name="seleniumtest.completeTest" tests="1" failures="0" timestamp="25 Mar 2018 13:39:50 GMT" time="0.017" errors="0">
  <testcase name="completepage" time="0.017" classname="seleniumtest.completeTest"/>
</testsuite> <!-- seleniumtest.completeTest -->
